2011-10-18 23:49:43,625 - Log4JLogChute initialized using file 'velocity.log'
2011-10-18 23:49:43,625 - Starting Apache Velocity v1.6.2 (compiled: 2009-02-19 16:29:46)
2011-10-18 23:49:43,625 - Default Properties File: org/apache/velocity/runtime/defaults/velocity.properties
2011-10-18 23:49:43,625 - Trying to use logger class org.apache.velocity.runtime.log.AvalonLogChute
2011-10-18 23:49:43,625 - Target log system for org.apache.velocity.runtime.log.AvalonLogChute is not available (java.lang.NoClassDefFoundError: org/apache/log/format/Formatter).  Falling back to next log system...
2011-10-18 23:49:43,625 - Trying to use logger class org.apache.velocity.runtime.log.Log4JLogChute
2011-10-18 23:49:43,625 - Using logger class org.apache.velocity.runtime.log.Log4JLogChute
2011-10-18 23:49:43,631 - ResourceLoader instantiated: org.apache.velocity.runtime.resource.loader.FileResourceLoader
2011-10-18 23:49:43,633 - Do unicode file recognition:  false
2011-10-18 23:49:43,633 - FileResourceLoader : adding path './FitNesseRoot/files/templates'
2011-10-18 23:49:43,650 - ResourceCache: initialized (class org.apache.velocity.runtime.resource.ResourceCacheImpl) with class java.util.Collections$SynchronizedMap cache map.
2011-10-18 23:49:43,652 - Loaded System Directive: org.apache.velocity.runtime.directive.Define
2011-10-18 23:49:43,653 - Loaded System Directive: org.apache.velocity.runtime.directive.Break
2011-10-18 23:49:43,654 - Loaded System Directive: org.apache.velocity.runtime.directive.Evaluate
2011-10-18 23:49:43,654 - Loaded System Directive: org.apache.velocity.runtime.directive.Literal
2011-10-18 23:49:43,656 - Loaded System Directive: org.apache.velocity.runtime.directive.Macro
2011-10-18 23:49:43,658 - Loaded System Directive: org.apache.velocity.runtime.directive.Parse
2011-10-18 23:49:43,659 - Loaded System Directive: org.apache.velocity.runtime.directive.Include
2011-10-18 23:49:43,661 - Loaded System Directive: org.apache.velocity.runtime.directive.Foreach
2011-10-18 23:49:43,702 - Created '20' parsers.
2011-10-18 23:49:43,709 - Velocimacro : "velocimacro.library" is not set.  Trying default library: VM_global_library.vm
2011-10-18 23:49:43,710 - Velocimacro : Default library not found.
2011-10-18 23:49:43,710 - Velocimacro : allowInline = true : VMs can be defined inline in templates
2011-10-18 23:49:43,710 - Velocimacro : allowInlineToOverride = false : VMs defined inline may NOT replace previous VM definitions
2011-10-18 23:49:43,710 - Velocimacro : allowInlineLocal = false : VMs defined inline will be global in scope if allowed.
2011-10-18 23:49:43,710 - Velocimacro : autoload off : VM system will not automatically reload global library macros
2011-10-18 23:49:43,729 - ResourceManager : found addChildPagePopup.vm with loader org.apache.velocity.runtime.resource.loader.FileResourceLoader
2011-10-18 23:49:45,967 - ResourceManager : found testResults.vm with loader org.apache.velocity.runtime.resource.loader.FileResourceLoader
2011-10-18 23:52:02,417 - ResourceManager : found addChildPagePopup.vm with loader org.apache.velocity.runtime.resource.loader.FileResourceLoader
2011-10-18 23:52:04,476 - ResourceManager : found testResults.vm with loader org.apache.velocity.runtime.resource.loader.FileResourceLoader
2011-10-18 23:53:41,708 - ResourceManager : found addChildPagePopup.vm with loader org.apache.velocity.runtime.resource.loader.FileResourceLoader
2011-10-18 23:53:49,185 - ResourceManager : found testResults.vm with loader org.apache.velocity.runtime.resource.loader.FileResourceLoader
2011-10-18 23:54:03,658 - ResourceManager : found addChildPagePopup.vm with loader org.apache.velocity.runtime.resource.loader.FileResourceLoader
2011-10-18 23:54:43,964 - ResourceManager : found addChildPagePopup.vm with loader org.apache.velocity.runtime.resource.loader.FileResourceLoader
2011-10-18 23:54:45,902 - ResourceManager : found testResults.vm with loader org.apache.velocity.runtime.resource.loader.FileResourceLoader
